Dark/app/build/intermediates/manifest_merge_blame_file/debug/manifest-merger-blame-debug-report.txt
1<?xml version="1.0" encoding="utf-8"?>
2<manifest xmlns:android="http://schemas.android.com/apk/res/android"
3    package="com.taptab.dark"
4    android:versionCode="10"
5    android:versionName="10.0" >
6
7    <uses-sdk
8        android:minSdkVersion="21"
9        android:targetSdkVersion="28" />
10
11    <application
11-->src/main/AndroidManifest.xml:3:2-68:16
12        android:allowBackup="true"
12-->src/main/AndroidManifest.xml:4:3-29
13        android:debuggable="true"
14        android:extractNativeLibs="true"
15        android:icon="@drawable/app_icon"
15-->src/main/AndroidManifest.xml:6:3-36
16        android:label="@string/app_name"
16-->src/main/AndroidManifest.xml:5:3-35
17        android:testOnly="true"
18        android:theme="@style/AppTheme"
18-->src/main/AndroidManifest.xml:8:3-34
19        android:usesCleartextTraffic="true" >
19-->src/main/AndroidManifest.xml:7:3-38
20        <activity
20-->src/main/AndroidManifest.xml:9:3-20:14
21            android:name="com.taptab.dark.MainActivity"
21-->src/main/AndroidManifest.xml:10:4-32
22            android:configChanges="orientation|screenSize|keyboardHidden|smallestScreenSize|screenLayout"
22-->src/main/AndroidManifest.xml:11:4-97
23            android:hardwareAccelerated="true"
23-->src/main/AndroidManifest.xml:12:4-38
24            android:screenOrientation="portrait"
24-->src/main/AndroidManifest.xml:15:4-40
25            android:supportsPictureInPicture="true"
25-->src/main/AndroidManifest.xml:13:4-43
26            android:theme="@style/FullScreen" >
26-->src/main/AndroidManifest.xml:14:4-37
27            <intent-filter>
27-->src/main/AndroidManifest.xml:16:4-19:20
28                <action android:name="android.intent.action.MAIN" />
28-->src/main/AndroidManifest.xml:17:5-57
28-->src/main/AndroidManifest.xml:17:13-54
29
30                <category android:name="android.intent.category.LAUNCHER" />
30-->src/main/AndroidManifest.xml:18:5-65
30-->src/main/AndroidManifest.xml:18:15-62
31            </intent-filter>
32        </activity>
33        <activity
33-->src/main/AndroidManifest.xml:21:3-27:43
34            android:name="com.taptab.dark.Main1Activity"
34-->src/main/AndroidManifest.xml:22:4-33
35            android:configChanges="orientation|screenSize|keyboardHidden|smallestScreenSize|screenLayout"
35-->src/main/AndroidManifest.xml:23:4-97
36            android:hardwareAccelerated="true"
36-->src/main/AndroidManifest.xml:24:4-38
37            android:screenOrientation="portrait"
37-->src/main/AndroidManifest.xml:27:4-40
38            android:supportsPictureInPicture="true"
38-->src/main/AndroidManifest.xml:25:4-43
39            android:theme="@style/NoActionBar" />
39-->src/main/AndroidManifest.xml:26:4-38
40        <activity
40-->src/main/AndroidManifest.xml:28:3-34:43
41            android:name="com.taptab.dark.Main12Activity"
41-->src/main/AndroidManifest.xml:29:4-34
42            android:configChanges="orientation|screenSize|keyboardHidden|smallestScreenSize|screenLayout"
42-->src/main/AndroidManifest.xml:30:4-97
43            android:hardwareAccelerated="true"
43-->src/main/AndroidManifest.xml:31:4-38
44            android:screenOrientation="portrait"
44-->src/main/AndroidManifest.xml:34:4-40
45            android:supportsPictureInPicture="true"
45-->src/main/AndroidManifest.xml:32:4-43
46            android:theme="@style/NoActionBar" />
46-->src/main/AndroidManifest.xml:33:4-38
47        <activity
47-->src/main/AndroidManifest.xml:35:3-41:43
48            android:name="com.taptab.dark.AboutActivity"
48-->src/main/AndroidManifest.xml:36:4-33
49            android:configChanges="orientation|screenSize|keyboardHidden|smallestScreenSize|screenLayout"
49-->src/main/AndroidManifest.xml:37:4-97
50            android:hardwareAccelerated="true"
50-->src/main/AndroidManifest.xml:38:4-38
51            android:screenOrientation="portrait"
51-->src/main/AndroidManifest.xml:41:4-40
52            android:supportsPictureInPicture="true"
52-->src/main/AndroidManifest.xml:39:4-43
53            android:theme="@style/NoActionBar" />
53-->src/main/AndroidManifest.xml:40:4-38
54        <activity
54-->src/main/AndroidManifest.xml:42:3-48:43
55            android:name="com.taptab.dark.ChapterActivity"
55-->src/main/AndroidManifest.xml:43:4-35
56            android:configChanges="orientation|screenSize|keyboardHidden|smallestScreenSize|screenLayout"
56-->src/main/AndroidManifest.xml:44:4-97
57            android:hardwareAccelerated="true"
57-->src/main/AndroidManifest.xml:45:4-38
58            android:screenOrientation="portrait"
58-->src/main/AndroidManifest.xml:48:4-40
59            android:supportsPictureInPicture="true"
59-->src/main/AndroidManifest.xml:46:4-43
60            android:theme="@style/FullScreen" />
60-->src/main/AndroidManifest.xml:47:4-37
61        <activity
61-->src/main/AndroidManifest.xml:49:3-56:48
62            android:name="com.taptab.dark.PauseActivity"
62-->src/main/AndroidManifest.xml:50:4-33
63            android:configChanges="orientation|screenSize|keyboardHidden|smallestScreenSize|screenLayout"
63-->src/main/AndroidManifest.xml:51:4-97
64            android:hardwareAccelerated="true"
64-->src/main/AndroidManifest.xml:52:4-38
65            android:screenOrientation="portrait"
65-->src/main/AndroidManifest.xml:55:4-40
66            android:supportsPictureInPicture="true"
66-->src/main/AndroidManifest.xml:53:4-43
67            android:theme="@style/NoActionBar"
67-->src/main/AndroidManifest.xml:54:4-38
68            android:windowSoftInputMode="stateHidden" />
68-->src/main/AndroidManifest.xml:56:4-45
69        <activity
69-->src/main/AndroidManifest.xml:57:3-64:48
70            android:name="com.taptab.dark.SettingsActivity"
70-->src/main/AndroidManifest.xml:58:4-36
71            android:configChanges="orientation|screenSize|keyboardHidden|smallestScreenSize|screenLayout"
71-->src/main/AndroidManifest.xml:59:4-97
72            android:hardwareAccelerated="true"
72-->src/main/AndroidManifest.xml:60:4-38
73            android:screenOrientation="portrait"
73-->src/main/AndroidManifest.xml:63:4-40
74            android:supportsPictureInPicture="true"
74-->src/main/AndroidManifest.xml:61:4-43
75            android:theme="@style/NoActionBar"
75-->src/main/AndroidManifest.xml:62:4-38
76            android:windowSoftInputMode="stateHidden" />
76-->src/main/AndroidManifest.xml:64:4-45
77
78        <uses-library
78-->src/main/AndroidManifest.xml:65:3-67:31
79            android:name="org.apache.http.legacy"
79-->src/main/AndroidManifest.xml:66:4-41
80            android:required="false" />
80-->src/main/AndroidManifest.xml:67:4-28
81    </application>
82
83</manifest>